\BOOKMARK [0][-]{chapter.1}{\376\377\000M\000a\000n\000u\000a\000l\000\040\000d\000e\000\040\000U\000s\000u\000a\000r\000i\000o}{}% 1
\BOOKMARK [1][-]{section.1.1}{\376\377\000I\000n\000t\000r\000o\000d\000u\000c\000c\000i\000o\000n}{chapter.1}% 2
\BOOKMARK [2][-]{subsection.1.1.1}{\376\377\000A\000l\000c\000a\000n\000c\000e\000\040\000d\000e\000l\000\040\000P\000r\000o\000y\000e\000c\000t\000o}{section.1.1}% 3
\BOOKMARK [1][-]{section.1.2}{\376\377\000R\000e\000q\000u\000i\000s\000i\000t\000o\000s\000\040\000d\000e\000l\000\040\000S\000i\000s\000t\000e\000m\000a}{chapter.1}% 4
\BOOKMARK [2][-]{subsection.1.2.1}{\376\377\000S\000o\000f\000t\000w\000a\000r\000e\000\040\000N\000e\000c\000e\000s\000a\000r\000i\000o}{section.1.2}% 5
\BOOKMARK [2][-]{subsection.1.2.2}{\376\377\000V\000e\000r\000i\000f\000i\000c\000a\000c\000i\000o\000n\000\040\000d\000e\000l\000\040\000E\000n\000t\000o\000r\000n\000o}{section.1.2}% 6
\BOOKMARK [1][-]{section.1.3}{\376\377\000I\000n\000s\000t\000a\000l\000a\000c\000i\000o\000n}{chapter.1}% 7
\BOOKMARK [2][-]{subsection.1.3.1}{\376\377\000D\000e\000s\000c\000a\000r\000g\000a\000\040\000d\000e\000l\000\040\000P\000r\000o\000y\000e\000c\000t\000o}{section.1.3}% 8
\BOOKMARK [3][-]{section*.3}{\376\377\000O\000p\000c\000i\000o\000n\000\040\0001\000:\000\040\000C\000l\000o\000n\000a\000r\000\040\000d\000e\000s\000d\000e\000\040\000G\000i\000t}{subsection.1.3.1}% 9
\BOOKMARK [3][-]{lstnumber.-2.2}{\376\377\000O\000p\000c\000i\000o\000n\000\040\0002\000:\000\040\000D\000e\000s\000c\000a\000r\000g\000a\000\040\000D\000i\000r\000e\000c\000t\000a}{subsection.1.3.1}% 10
\BOOKMARK [2][-]{subsection.1.3.2}{\376\377\000E\000s\000t\000r\000u\000c\000t\000u\000r\000a\000\040\000d\000e\000l\000\040\000P\000r\000o\000y\000e\000c\000t\000o}{section.1.3}% 11
\BOOKMARK [1][-]{section.1.4}{\376\377\000E\000j\000e\000c\000u\000c\000i\000o\000n}{chapter.1}% 12
\BOOKMARK [2][-]{subsection.1.4.1}{\376\377\000S\000e\000r\000v\000i\000d\000o\000r\000\040\000I\000n\000t\000e\000g\000r\000a\000d\000o\000\040\000d\000e\000\040\000P\000H\000P}{section.1.4}% 13
\BOOKMARK [2][-]{subsection.1.4.2}{\376\377\000U\000s\000a\000n\000d\000o\000\040\000A\000p\000a\000c\000h\000e\000/\000N\000g\000i\000n\000x}{section.1.4}% 14
\BOOKMARK [1][-]{section.1.5}{\376\377\000G\000u\000i\000a\000\040\000d\000e\000\040\000U\000s\000o}{chapter.1}% 15
\BOOKMARK [2][-]{subsection.1.5.1}{\376\377\000I\000n\000t\000e\000r\000f\000a\000z\000\040\000P\000r\000i\000n\000c\000i\000p\000a\000l}{section.1.5}% 16
\BOOKMARK [2][-]{subsection.1.5.2}{\376\377\000M\000o\000d\000u\000l\000o\000:\000\040\000R\000e\000d\000e\000s\000\040\000B\000a\000y\000e\000s\000i\000a\000n\000a\000s}{section.1.5}% 17
\BOOKMARK [3][-]{section*.4}{\376\377\000C\000r\000e\000a\000r\000\040\000u\000n\000a\000\040\000N\000u\000e\000v\000a\000\040\000R\000e\000d}{subsection.1.5.2}% 18
\BOOKMARK [3][-]{Item.7}{\376\377\000R\000e\000a\000l\000i\000z\000a\000r\000\040\000C\000o\000n\000s\000u\000l\000t\000a\000s}{subsection.1.5.2}% 19
\BOOKMARK [2][-]{subsection.1.5.3}{\376\377\000M\000o\000d\000u\000l\000o\000:\000\040\000C\000a\000d\000e\000n\000a\000s\000\040\000d\000e\000\040\000M\000a\000r\000k\000o\000v}{section.1.5}% 20
\BOOKMARK [3][-]{section*.5}{\376\377\000C\000o\000n\000f\000i\000g\000u\000r\000a\000c\000i\000o\000n}{subsection.1.5.3}% 21
\BOOKMARK [3][-]{Item.14}{\376\377\000O\000p\000e\000r\000a\000c\000i\000o\000n\000e\000s\000\040\000D\000i\000s\000p\000o\000n\000i\000b\000l\000e\000s}{subsection.1.5.3}% 22
\BOOKMARK [2][-]{subsection.1.5.4}{\376\377\000M\000o\000d\000u\000l\000o\000:\000\040\000H\000M\000M}{section.1.5}% 23
\BOOKMARK [3][-]{section*.6}{\376\377\000D\000e\000f\000i\000n\000i\000r\000\040\000M\000o\000d\000e\000l\000o}{subsection.1.5.4}% 24
\BOOKMARK [3][-]{Item.19}{\376\377\000A\000l\000g\000o\000r\000i\000t\000m\000o\000s}{subsection.1.5.4}% 25
\BOOKMARK [1][-]{section.1.6}{\376\377\000E\000j\000e\000m\000p\000l\000o\000s\000\040\000P\000r\000e\000-\000c\000a\000r\000g\000a\000d\000o\000s}{chapter.1}% 26
\BOOKMARK [2][-]{subsection.1.6.1}{\376\377\000E\000j\000e\000m\000p\000l\000o\000s\000\040\000d\000e\000\040\000R\000e\000d\000e\000s\000\040\000B\000a\000y\000e\000s\000i\000a\000n\000a\000s}{section.1.6}% 27
\BOOKMARK [2][-]{subsection.1.6.2}{\376\377\000E\000j\000e\000m\000p\000l\000o\000s\000\040\000d\000e\000\040\000C\000a\000d\000e\000n\000a\000s\000\040\000d\000e\000\040\000M\000a\000r\000k\000o\000v}{section.1.6}% 28
\BOOKMARK [2][-]{subsection.1.6.3}{\376\377\000E\000j\000e\000m\000p\000l\000o\000s\000\040\000d\000e\000\040\000H\000M\000M}{section.1.6}% 29
\BOOKMARK [1][-]{section.1.7}{\376\377\000S\000o\000l\000u\000c\000i\000o\000n\000\040\000d\000e\000\040\000P\000r\000o\000b\000l\000e\000m\000a\000s}{chapter.1}% 30
\BOOKMARK [2][-]{subsection.1.7.1}{\376\377\000E\000l\000\040\000s\000e\000r\000v\000i\000d\000o\000r\000\040\000n\000o\000\040\000i\000n\000i\000c\000i\000a}{section.1.7}% 31
\BOOKMARK [2][-]{subsection.1.7.2}{\376\377\000E\000r\000r\000o\000r\000e\000s\000\040\000a\000l\000\040\000c\000a\000r\000g\000a\000r\000\040\000l\000a\000\040\000p\000a\000g\000i\000n\000a}{section.1.7}% 32
\BOOKMARK [2][-]{subsection.1.7.3}{\376\377\000L\000o\000s\000\040\000c\000a\000l\000c\000u\000l\000o\000s\000\040\000n\000o\000\040\000f\000u\000n\000c\000i\000o\000n\000a\000n}{section.1.7}% 33
\BOOKMARK [0][-]{chapter.2}{\376\377\000E\000x\000p\000l\000i\000c\000a\000c\000i\000o\000n\000\040\000d\000e\000\040\000l\000o\000s\000\040\000A\000l\000g\000o\000r\000i\000t\000m\000o\000s}{}% 34
\BOOKMARK [1][-]{section.2.1}{\376\377\000F\000u\000n\000d\000a\000m\000e\000n\000t\000o\000s\000\040\000T\000e\000o\000r\000i\000c\000o\000s}{chapter.2}% 35
\BOOKMARK [2][-]{subsection.2.1.1}{\376\377\000P\000r\000o\000b\000a\000b\000i\000l\000i\000d\000a\000d\000\040\000C\000o\000n\000d\000i\000c\000i\000o\000n\000a\000l}{section.2.1}% 36
\BOOKMARK [2][-]{subsection.2.1.2}{\376\377\000T\000e\000o\000r\000e\000m\000a\000\040\000d\000e\000\040\000B\000a\000y\000e\000s}{section.2.1}% 37
\BOOKMARK [1][-]{section.2.2}{\376\377\000R\000e\000d\000e\000s\000\040\000B\000a\000y\000e\000s\000i\000a\000n\000a\000s}{chapter.2}% 38
\BOOKMARK [2][-]{subsection.2.2.1}{\376\377\000D\000e\000f\000i\000n\000i\000c\000i\000o\000n\000\040\000F\000o\000r\000m\000a\000l}{section.2.2}% 39
\BOOKMARK [2][-]{subsection.2.2.2}{\376\377\000P\000r\000o\000p\000i\000e\000d\000a\000d\000\040\000d\000e\000\040\000F\000a\000c\000t\000o\000r\000i\000z\000a\000c\000i\000o\000n}{section.2.2}% 40
\BOOKMARK [2][-]{subsection.2.2.3}{\376\377\000A\000l\000g\000o\000r\000i\000t\000m\000o\000\040\000d\000e\000\040\000E\000n\000u\000m\000e\000r\000a\000c\000i\000o\000n}{section.2.2}% 41
\BOOKMARK [3][-]{section*.8}{\376\377\000O\000b\000j\000e\000t\000i\000v\000o}{subsection.2.2.3}% 42
\BOOKMARK [3][-]{section*.8}{\376\377\000F\000o\000r\000m\000u\000l\000a}{subsection.2.2.3}% 43
\BOOKMARK [3][-]{equation.2.4}{\376\377\000A\000l\000g\000o\000r\000i\000t\000m\000o}{subsection.2.2.3}% 44
\BOOKMARK [3][-]{lstnumber.2.1.15}{\376\377\000C\000o\000m\000p\000l\000e\000j\000i\000d\000a\000d}{subsection.2.2.3}% 45
\BOOKMARK [2][-]{subsection.2.2.4}{\376\377\000E\000l\000i\000m\000i\000n\000a\000c\000i\000o\000n\000\040\000d\000e\000\040\000V\000a\000r\000i\000a\000b\000l\000e\000s}{section.2.2}% 46
\BOOKMARK [3][-]{section*.9}{\376\377\000I\000d\000e\000a\000\040\000P\000r\000i\000n\000c\000i\000p\000a\000l}{subsection.2.2.4}% 47
\BOOKMARK [3][-]{section*.9}{\376\377\000P\000r\000o\000c\000e\000s\000o}{subsection.2.2.4}% 48
\BOOKMARK [3][-]{Item.25}{\376\377\000E\000j\000e\000m\000p\000l\000o}{subsection.2.2.4}% 49
\BOOKMARK [3][-]{equation.2.5}{\376\377\000C\000o\000m\000p\000l\000e\000j\000i\000d\000a\000d}{subsection.2.2.4}% 50
\BOOKMARK [1][-]{section.2.3}{\376\377\000C\000a\000d\000e\000n\000a\000s\000\040\000d\000e\000\040\000M\000a\000r\000k\000o\000v}{chapter.2}% 51
\BOOKMARK [2][-]{subsection.2.3.1}{\376\377\000D\000e\000f\000i\000n\000i\000c\000i\000o\000n}{section.2.3}% 52
\BOOKMARK [2][-]{subsection.2.3.2}{\376\377\000M\000a\000t\000r\000i\000z\000\040\000d\000e\000\040\000T\000r\000a\000n\000s\000i\000c\000i\000o\000n}{section.2.3}% 53
\BOOKMARK [2][-]{subsection.2.3.3}{\376\377\000D\000i\000s\000t\000r\000i\000b\000u\000c\000i\000o\000n\000\040\000E\000s\000t\000a\000c\000i\000o\000n\000a\000r\000i\000a}{section.2.3}% 54
\BOOKMARK [3][-]{equation.2.8}{\376\377\000C\000a\000l\000c\000u\000l\000o\000\040\000I\000t\000e\000r\000a\000t\000i\000v\000o}{subsection.2.3.3}% 55
\BOOKMARK [3][-]{lstnumber.2.2.12}{\376\377\000M\000e\000t\000o\000d\000o\000\040\000A\000l\000g\000e\000b\000r\000a\000i\000c\000o}{subsection.2.3.3}% 56
\BOOKMARK [1][-]{section.2.4}{\376\377\000M\000o\000d\000e\000l\000o\000s\000\040\000O\000c\000u\000l\000t\000o\000s\000\040\000d\000e\000\040\000M\000a\000r\000k\000o\000v}{chapter.2}% 57
\BOOKMARK [2][-]{subsection.2.4.1}{\376\377\000C\000o\000m\000p\000o\000n\000e\000n\000t\000e\000s\000\040\000d\000e\000l\000\040\000M\000o\000d\000e\000l\000o}{section.2.4}% 58
\BOOKMARK [2][-]{subsection.2.4.2}{\376\377\000T\000r\000e\000s\000\040\000P\000r\000o\000b\000l\000e\000m\000a\000s\000\040\000F\000u\000n\000d\000a\000m\000e\000n\000t\000a\000l\000e\000s}{section.2.4}% 59
\BOOKMARK [2][-]{subsection.2.4.3}{\376\377\000A\000l\000g\000o\000r\000i\000t\000m\000o\000\040\000F\000o\000r\000w\000a\000r\000d}{section.2.4}% 60
\BOOKMARK [3][-]{section*.10}{\376\377\000V\000a\000r\000i\000a\000b\000l\000e\000\040\000F\000o\000r\000w\000a\000r\000d}{subsection.2.4.3}% 61
\BOOKMARK [3][-]{equation.2.10}{\376\377\000R\000e\000c\000u\000r\000s\000i\000o\000n}{subsection.2.4.3}% 62
\BOOKMARK [3][-]{equation.2.13}{\376\377\000C\000o\000m\000p\000l\000e\000j\000i\000d\000a\000d}{subsection.2.4.3}% 63
\BOOKMARK [2][-]{subsection.2.4.4}{\376\377\000A\000l\000g\000o\000r\000i\000t\000m\000o\000\040\000V\000i\000t\000e\000r\000b\000i}{section.2.4}% 64
\BOOKMARK [3][-]{section*.11}{\376\377\000V\000a\000r\000i\000a\000b\000l\000e\000\040\000D\000e\000l\000t\000a}{subsection.2.4.4}% 65
\BOOKMARK [3][-]{equation.2.14}{\376\377\000R\000e\000c\000u\000r\000s\000i\000o\000n}{subsection.2.4.4}% 66
\BOOKMARK [2][-]{subsection.2.4.5}{\376\377\000A\000l\000g\000o\000r\000i\000t\000m\000o\000\040\000F\000o\000r\000w\000a\000r\000d\000-\000B\000a\000c\000k\000w\000a\000r\000d}{section.2.4}% 67
\BOOKMARK [3][-]{section*.12}{\376\377\000V\000a\000r\000i\000a\000b\000l\000e\000\040\000B\000a\000c\000k\000w\000a\000r\000d}{subsection.2.4.5}% 68
\BOOKMARK [3][-]{equation.2.22}{\376\377\000P\000r\000o\000b\000a\000b\000i\000l\000i\000d\000a\000d\000\040\000S\000u\000a\000v\000i\000z\000a\000d\000a}{subsection.2.4.5}% 69
\BOOKMARK [0][-]{chapter.3}{\376\377\000D\000e\000c\000i\000s\000i\000o\000n\000e\000s\000\040\000d\000e\000\040\000D\000i\000s\000e\000n\000o}{}% 70
\BOOKMARK [1][-]{section.3.1}{\376\377\000A\000r\000q\000u\000i\000t\000e\000c\000t\000u\000r\000a\000\040\000d\000e\000l\000\040\000S\000i\000s\000t\000e\000m\000a}{chapter.3}% 71
\BOOKMARK [2][-]{subsection.3.1.1}{\376\377\000P\000a\000t\000r\000o\000n\000\040\000M\000V\000C\000\040\000S\000i\000m\000p\000l\000i\000f\000i\000c\000a\000d\000o}{section.3.1}% 72
\BOOKMARK [2][-]{subsection.3.1.2}{\376\377\000B\000e\000n\000e\000f\000i\000c\000i\000o\000s}{section.3.1}% 73
\BOOKMARK [1][-]{section.3.2}{\376\377\000T\000e\000c\000n\000o\000l\000o\000g\000i\000a\000s\000\040\000S\000e\000l\000e\000c\000c\000i\000o\000n\000a\000d\000a\000s}{chapter.3}% 74
\BOOKMARK [2][-]{subsection.3.2.1}{\376\377\000B\000a\000c\000k\000e\000n\000d\000:\000\040\000P\000H\000P}{section.3.2}% 75
\BOOKMARK [3][-]{section*.14}{\376\377\000J\000u\000s\000t\000i\000f\000i\000c\000a\000c\000i\000o\000n}{subsection.3.2.1}% 76
\BOOKMARK [2][-]{subsection.3.2.2}{\376\377\000F\000r\000o\000n\000t\000e\000n\000d\000:\000\040\000H\000T\000M\000L\0005\000\040\000+\000\040\000C\000S\000S\0003\000\040\000+\000\040\000J\000a\000v\000a\000S\000c\000r\000i\000p\000t}{section.3.2}% 77
\BOOKMARK [3][-]{section*.15}{\376\377\000C\000a\000r\000a\000c\000t\000e\000r\000i\000s\000t\000i\000c\000a\000s}{subsection.3.2.2}% 78
\BOOKMARK [1][-]{section.3.3}{\376\377\000R\000e\000p\000r\000e\000s\000e\000n\000t\000a\000c\000i\000o\000n\000\040\000d\000e\000\040\000D\000a\000t\000o\000s}{chapter.3}% 79
\BOOKMARK [2][-]{subsection.3.3.1}{\376\377\000R\000e\000d\000e\000s\000\040\000B\000a\000y\000e\000s\000i\000a\000n\000a\000s}{section.3.3}% 80
\BOOKMARK [2][-]{subsection.3.3.2}{\376\377\000C\000a\000d\000e\000n\000a\000s\000\040\000d\000e\000\040\000M\000a\000r\000k\000o\000v}{section.3.3}% 81
\BOOKMARK [2][-]{subsection.3.3.3}{\376\377\000H\000M\000M}{section.3.3}% 82
\BOOKMARK [1][-]{section.3.4}{\376\377\000M\000a\000n\000e\000j\000o\000\040\000d\000e\000\040\000P\000r\000e\000c\000i\000s\000i\000o\000n\000\040\000N\000u\000m\000e\000r\000i\000c\000a}{chapter.3}% 83
\BOOKMARK [2][-]{subsection.3.4.1}{\376\377\000P\000r\000o\000b\000l\000e\000m\000a\000:\000\040\000U\000n\000d\000e\000r\000f\000l\000o\000w}{section.3.4}% 84
\BOOKMARK [2][-]{subsection.3.4.2}{\376\377\000S\000o\000l\000u\000c\000i\000o\000n\000:\000\040\000L\000o\000g\000-\000S\000p\000a\000c\000e}{section.3.4}% 85
\BOOKMARK [1][-]{section.3.5}{\376\377\000O\000p\000t\000i\000m\000i\000z\000a\000c\000i\000o\000n\000e\000s}{chapter.3}% 86
\BOOKMARK [2][-]{subsection.3.5.1}{\376\377\000C\000a\000c\000h\000e\000\040\000d\000e\000\040\000R\000e\000s\000u\000l\000t\000a\000d\000o\000s}{section.3.5}% 87
\BOOKMARK [2][-]{subsection.3.5.2}{\376\377\000O\000r\000d\000e\000n\000\040\000d\000e\000\040\000E\000l\000i\000m\000i\000n\000a\000c\000i\000o\000n\000\040\000H\000e\000u\000r\000i\000s\000t\000i\000c\000o}{section.3.5}% 88
\BOOKMARK [1][-]{section.3.6}{\376\377\000V\000a\000l\000i\000d\000a\000c\000i\000o\000n\000\040\000y\000\040\000S\000e\000g\000u\000r\000i\000d\000a\000d}{chapter.3}% 89
\BOOKMARK [2][-]{subsection.3.6.1}{\376\377\000V\000a\000l\000i\000d\000a\000c\000i\000o\000n\000\040\000C\000l\000i\000e\000n\000t\000e\000-\000S\000e\000r\000v\000i\000d\000o\000r}{section.3.6}% 90
\BOOKMARK [2][-]{subsection.3.6.2}{\376\377\000M\000a\000n\000e\000j\000o\000\040\000d\000e\000\040\000E\000r\000r\000o\000r\000e\000s}{section.3.6}% 91
\BOOKMARK [0][-]{chapter.4}{\376\377\000E\000j\000e\000m\000p\000l\000o\000s\000\040\000d\000e\000\040\000U\000s\000o}{}% 92
\BOOKMARK [1][-]{section.4.1}{\376\377\000R\000e\000d\000\040\000A\000l\000a\000r\000m\000a\000-\000T\000e\000r\000r\000e\000m\000o\000t\000o\000-\000L\000a\000d\000r\000o\000n}{chapter.4}% 93
\BOOKMARK [2][-]{subsection.4.1.1}{\376\377\000P\000l\000a\000n\000t\000e\000a\000m\000i\000e\000n\000t\000o}{section.4.1}% 94
\BOOKMARK [2][-]{subsection.4.1.2}{\376\377\000P\000r\000o\000b\000a\000b\000i\000l\000i\000d\000a\000d\000e\000s\000\040\000A\000\040\000P\000r\000i\000o\000r\000i}{section.4.1}% 95
\BOOKMARK [2][-]{subsection.4.1.3}{\376\377\000C\000P\000T\000:\000\040\000P\000\050\000A\000l\000a\000r\000m\000a\000\040\000|\000\040\000T\000e\000r\000r\000e\000m\000o\000t\000o\000,\000\040\000L\000a\000d\000r\000o\000n\000\051}{section.4.1}% 96
\BOOKMARK [2][-]{subsection.4.1.4}{\376\377\000C\000P\000T\000:\000\040\000P\000\050\000J\000u\000a\000n\000|\000A\000l\000a\000r\000m\000a\000\051\000,\000\040\000P\000\050\000M\000a\000r\000i\000a\000|\000A\000l\000a\000r\000m\000a\000\051}{section.4.1}% 97
\BOOKMARK [2][-]{subsection.4.1.5}{\376\377\000C\000o\000n\000s\000u\000l\000t\000a\000\040\0001\000:\000\040\000P\000\050\000L\000a\000d\000r\000o\000n\000\040\000|\000\040\000J\000u\000a\000n\000=\000V\000\051}{section.4.1}% 98
\BOOKMARK [3][-]{section*.19}{\376\377\000P\000l\000a\000n\000t\000e\000a\000m\000i\000e\000n\000t\000o}{subsection.4.1.5}% 99
\BOOKMARK [3][-]{section*.19}{\376\377\000C\000a\000l\000c\000u\000l\000o\000\040\000c\000o\000n\000\040\000E\000n\000u\000m\000e\000r\000a\000c\000i\000o\000n}{subsection.4.1.5}% 100
\BOOKMARK [3][-]{section*.19}{\376\377\000R\000e\000s\000u\000l\000t\000a\000d\000o}{subsection.4.1.5}% 101
\BOOKMARK [2][-]{subsection.4.1.6}{\376\377\000C\000o\000n\000s\000u\000l\000t\000a\000\040\0002\000:\000\040\000P\000\050\000L\000a\000d\000r\000o\000n\000\040\000|\000\040\000J\000u\000a\000n\000=\000V\000,\000\040\000M\000a\000r\000i\000a\000=\000V\000\051}{section.4.1}% 102
\BOOKMARK [3][-]{section*.20}{\376\377\000R\000e\000s\000u\000l\000t\000a\000d\000o}{subsection.4.1.6}% 103
\BOOKMARK [1][-]{section.4.2}{\376\377\000C\000a\000d\000e\000n\000a\000\040\000d\000e\000\040\000M\000a\000r\000k\000o\000v\000:\000\040\000C\000l\000i\000m\000a}{chapter.4}% 104
\BOOKMARK [2][-]{subsection.4.2.1}{\376\377\000E\000s\000t\000a\000d\000o\000s}{section.4.2}% 105
\BOOKMARK [2][-]{subsection.4.2.2}{\376\377\000M\000a\000t\000r\000i\000z\000\040\000d\000e\000\040\000T\000r\000a\000n\000s\000i\000c\000i\000o\000n}{section.4.2}% 106
\BOOKMARK [2][-]{subsection.4.2.3}{\376\377\000D\000i\000s\000t\000r\000i\000b\000u\000c\000i\000o\000n\000\040\000E\000s\000t\000a\000c\000i\000o\000n\000a\000r\000i\000a}{section.4.2}% 107
\BOOKMARK [2][-]{subsection.4.2.4}{\376\377\000S\000i\000m\000u\000l\000a\000c\000i\000o\000n\000\040\000\050\0001\0000\000\040\000d\000i\000a\000s\000\051}{section.4.2}% 108
\BOOKMARK [1][-]{section.4.3}{\376\377\000H\000M\000M\000:\000\040\000E\000s\000t\000a\000d\000o\000s\000\040\000d\000e\000\040\000A\000n\000i\000m\000o}{chapter.4}% 109
\BOOKMARK [2][-]{subsection.4.3.1}{\376\377\000M\000o\000d\000e\000l\000o}{section.4.3}% 110
\BOOKMARK [2][-]{subsection.4.3.2}{\376\377\000P\000a\000r\000a\000m\000e\000t\000r\000o\000s}{section.4.3}% 111
\BOOKMARK [2][-]{subsection.4.3.3}{\376\377\000P\000r\000o\000b\000l\000e\000m\000a\000:\000\040\000A\000l\000g\000o\000r\000i\000t\000m\000o\000\040\000V\000i\000t\000e\000r\000b\000i}{section.4.3}% 112
\BOOKMARK [3][-]{section*.25}{\376\377\000R\000e\000s\000u\000l\000t\000a\000d\000o}{subsection.4.3.3}% 113
\BOOKMARK [1][-]{section.4.4}{\376\377\000C\000o\000d\000i\000g\000o\000\040\000P\000H\000P}{chapter.4}% 114
\BOOKMARK [2][-]{subsection.4.4.1}{\376\377\000U\000s\000o\000\040\000d\000e\000\040\000B\000a\000y\000e\000s\000i\000a\000n\000N\000e\000t\000w\000o\000r\000k}{section.4.4}% 115
\BOOKMARK [2][-]{subsection.4.4.2}{\376\377\000U\000s\000o\000\040\000d\000e\000\040\000H\000M\000M}{section.4.4}% 116
\BOOKMARK [0][-]{chapter.5}{\376\377\000C\000o\000n\000c\000l\000u\000s\000i\000o\000n\000e\000s}{}% 117
\BOOKMARK [1][-]{section.5.1}{\376\377\000L\000o\000g\000r\000o\000s\000\040\000A\000l\000c\000a\000n\000z\000a\000d\000o\000s}{chapter.5}% 118
\BOOKMARK [1][-]{section.5.2}{\376\377\000A\000p\000r\000e\000n\000d\000i\000z\000a\000j\000e\000s\000\040\000C\000l\000a\000v\000e}{chapter.5}% 119
\BOOKMARK [1][-]{section.5.3}{\376\377\000T\000r\000a\000b\000a\000j\000o\000\040\000F\000u\000t\000u\000r\000o}{chapter.5}% 120
\BOOKMARK [2][-]{subsection.5.3.1}{\376\377\000M\000e\000j\000o\000r\000a\000s\000\040\000P\000r\000o\000p\000u\000e\000s\000t\000a\000s}{section.5.3}% 121
\BOOKMARK [1][-]{section.5.4}{\376\377\000R\000e\000f\000l\000e\000x\000i\000o\000n\000\040\000F\000i\000n\000a\000l}{chapter.5}% 122
\BOOKMARK [0][-]{appendix.Alph1}{\376\377\000I\000n\000s\000t\000a\000l\000a\000c\000i\000o\000n\000\040\000d\000e\000\040\000P\000H\000P}{}% 123
\BOOKMARK [1][-]{section.Alph1.1}{\376\377\000W\000i\000n\000d\000o\000w\000s}{appendix.Alph1}% 124
\BOOKMARK [1][-]{section.Alph1.2}{\376\377\000L\000i\000n\000u\000x\000\040\000\050\000U\000b\000u\000n\000t\000u\000/\000D\000e\000b\000i\000a\000n\000\051}{appendix.Alph1}% 125
\BOOKMARK [1][-]{section.Alph1.3}{\376\377\000m\000a\000c\000O\000S}{appendix.Alph1}% 126
\BOOKMARK [0][-]{appendix.Alph2}{\376\377\000R\000e\000f\000e\000r\000e\000n\000c\000i\000a\000s\000\040\000B\000i\000b\000l\000i\000o\000g\000r\000a\000f\000i\000c\000a\000s}{}% 127
