\BOOKMARK [0][-]{chapter*.1}{\376\377\000R\000e\000s\000u\000m\000e\000n}{}% 1
\BOOKMARK [0][-]{chapter*.3}{\376\377\000L\000i\000s\000t\000a\000\040\000d\000e\000\040\000F\000i\000g\000u\000r\000a\000s}{}% 2
\BOOKMARK [0][-]{chapter*.4}{\376\377\000L\000i\000s\000t\000a\000\040\000d\000e\000\040\000T\000a\000b\000l\000a\000s}{}% 3
\BOOKMARK [0][-]{chapter.1}{\376\377\000M\000a\000n\000u\000a\000l\000\040\000d\000e\000\040\000U\000s\000u\000a\000r\000i\000o}{}% 4
\BOOKMARK [1][-]{section.1.1}{\376\377\000I\000n\000t\000r\000o\000d\000u\000c\000c\000i\000\363\000n}{chapter.1}% 5
\BOOKMARK [2][-]{subsection.1.1.1}{\376\377\000A\000l\000c\000a\000n\000c\000e\000\040\000d\000e\000l\000\040\000P\000r\000o\000y\000e\000c\000t\000o}{section.1.1}% 6
\BOOKMARK [1][-]{section.1.2}{\376\377\000R\000e\000q\000u\000i\000s\000i\000t\000o\000s\000\040\000d\000e\000l\000\040\000S\000i\000s\000t\000e\000m\000a}{chapter.1}% 7
\BOOKMARK [2][-]{subsection.1.2.1}{\376\377\000S\000o\000f\000t\000w\000a\000r\000e\000\040\000N\000e\000c\000e\000s\000a\000r\000i\000o}{section.1.2}% 8
\BOOKMARK [2][-]{subsection.1.2.2}{\376\377\000V\000e\000r\000i\000f\000i\000c\000a\000c\000i\000\363\000n\000\040\000d\000e\000l\000\040\000E\000n\000t\000o\000r\000n\000o}{section.1.2}% 9
\BOOKMARK [1][-]{section.1.3}{\376\377\000I\000n\000s\000t\000a\000l\000a\000c\000i\000\363\000n}{chapter.1}% 10
\BOOKMARK [2][-]{subsection.1.3.1}{\376\377\000D\000e\000s\000c\000a\000r\000g\000a\000\040\000d\000e\000l\000\040\000P\000r\000o\000y\000e\000c\000t\000o}{section.1.3}% 11
\BOOKMARK [3][-]{section*.6}{\376\377\000O\000p\000c\000i\000\363\000n\000\040\0001\000:\000\040\000C\000l\000o\000n\000a\000r\000\040\000d\000e\000s\000d\000e\000\040\000G\000i\000t}{subsection.1.3.1}% 12
\BOOKMARK [3][-]{lstnumber.1.2.5}{\376\377\000O\000p\000c\000i\000\363\000n\000\040\0002\000:\000\040\000D\000e\000s\000c\000a\000r\000g\000a\000\040\000D\000i\000r\000e\000c\000t\000a}{subsection.1.3.1}% 13
\BOOKMARK [2][-]{subsection.1.3.2}{\376\377\000E\000s\000t\000r\000u\000c\000t\000u\000r\000a\000\040\000d\000e\000l\000\040\000P\000r\000o\000y\000e\000c\000t\000o}{section.1.3}% 14
\BOOKMARK [1][-]{section.1.4}{\376\377\000E\000j\000e\000c\000u\000c\000i\000\363\000n}{chapter.1}% 15
\BOOKMARK [2][-]{subsection.1.4.1}{\376\377\000S\000e\000r\000v\000i\000d\000o\000r\000\040\000I\000n\000t\000e\000g\000r\000a\000d\000o\000\040\000d\000e\000\040\000P\000H\000P\000\040\000\050\000R\000e\000c\000o\000m\000e\000n\000d\000a\000d\000o\000\051}{section.1.4}% 16
\BOOKMARK [3][-]{lstnumber.-1.2}{\376\377\000U\000s\000a\000r\000\040\000P\000u\000e\000r\000t\000o\000\040\000D\000i\000f\000e\000r\000e\000n\000t\000e}{subsection.1.4.1}% 17
\BOOKMARK [3][-]{lstnumber.-2.4}{\376\377\000D\000e\000t\000e\000n\000e\000r\000\040\000e\000l\000\040\000S\000e\000r\000v\000i\000d\000o\000r}{subsection.1.4.1}% 18
\BOOKMARK [2][-]{subsection.1.4.2}{\376\377\000V\000e\000r\000i\000f\000i\000c\000a\000c\000i\000\363\000n\000\040\000d\000e\000\040\000l\000a\000\040\000I\000n\000s\000t\000a\000l\000a\000c\000i\000\363\000n}{section.1.4}% 19
\BOOKMARK [3][-]{section*.7}{\376\377\000C\000h\000e\000c\000k\000l\000i\000s\000t\000\040\000d\000e\000\040\000V\000e\000r\000i\000f\000i\000c\000a\000c\000i\000\363\000n}{subsection.1.4.2}% 20
\BOOKMARK [1][-]{section.1.5}{\376\377\000G\000u\000\355\000a\000\040\000d\000e\000\040\000U\000s\000o}{chapter.1}% 21
\BOOKMARK [2][-]{subsection.1.5.1}{\376\377\000I\000n\000t\000e\000r\000f\000a\000z\000\040\000P\000r\000i\000n\000c\000i\000p\000a\000l}{section.1.5}% 22
\BOOKMARK [2][-]{subsection.1.5.2}{\376\377\000M\000\363\000d\000u\000l\000o\000:\000\040\000R\000e\000d\000e\000s\000\040\000B\000a\000y\000e\000s\000i\000a\000n\000a\000s}{section.1.5}% 23
\BOOKMARK [3][-]{section*.8}{\376\377\000C\000r\000e\000a\000r\000\040\000u\000n\000a\000\040\000N\000u\000e\000v\000a\000\040\000R\000e\000d}{subsection.1.5.2}% 24
\BOOKMARK [3][-]{Item.16}{\376\377\000R\000e\000a\000l\000i\000z\000a\000r\000\040\000C\000o\000n\000s\000u\000l\000t\000a\000s}{subsection.1.5.2}% 25
\BOOKMARK [2][-]{subsection.1.5.3}{\376\377\000M\000\363\000d\000u\000l\000o\000:\000\040\000C\000a\000d\000e\000n\000a\000s\000\040\000d\000e\000\040\000M\000a\000r\000k\000o\000v}{section.1.5}% 26
\BOOKMARK [3][-]{section*.9}{\376\377\000C\000o\000n\000f\000i\000g\000u\000r\000a\000c\000i\000\363\000n}{subsection.1.5.3}% 27
\BOOKMARK [3][-]{Item.24}{\376\377\000O\000p\000e\000r\000a\000c\000i\000o\000n\000e\000s\000\040\000D\000i\000s\000p\000o\000n\000i\000b\000l\000e\000s}{subsection.1.5.3}% 28
\BOOKMARK [2][-]{subsection.1.5.4}{\376\377\000M\000\363\000d\000u\000l\000o\000:\000\040\000H\000M\000M}{section.1.5}% 29
\BOOKMARK [3][-]{section*.10}{\376\377\000D\000e\000f\000i\000n\000i\000r\000\040\000M\000o\000d\000e\000l\000o}{subsection.1.5.4}% 30
\BOOKMARK [3][-]{Item.29}{\376\377\000A\000l\000g\000o\000r\000i\000t\000m\000o\000s\000\040\000D\000i\000s\000p\000o\000n\000i\000b\000l\000e\000s}{subsection.1.5.4}% 31
\BOOKMARK [1][-]{section.1.6}{\376\377\000E\000j\000e\000m\000p\000l\000o\000s\000\040\000P\000r\000e\000-\000c\000a\000r\000g\000a\000d\000o\000s}{chapter.1}% 32
\BOOKMARK [2][-]{subsection.1.6.1}{\376\377\000C\000\363\000m\000o\000\040\000C\000a\000r\000g\000a\000r\000\040\000E\000j\000e\000m\000p\000l\000o\000s}{section.1.6}% 33
\BOOKMARK [2][-]{subsection.1.6.2}{\376\377\000E\000j\000e\000m\000p\000l\000o\000s\000\040\000d\000e\000\040\000R\000e\000d\000e\000s\000\040\000B\000a\000y\000e\000s\000i\000a\000n\000a\000s}{section.1.6}% 34
\BOOKMARK [2][-]{subsection.1.6.3}{\376\377\000E\000j\000e\000m\000p\000l\000o\000s\000\040\000d\000e\000\040\000C\000a\000d\000e\000n\000a\000s\000\040\000d\000e\000\040\000M\000a\000r\000k\000o\000v}{section.1.6}% 35
\BOOKMARK [2][-]{subsection.1.6.4}{\376\377\000E\000j\000e\000m\000p\000l\000o\000s\000\040\000d\000e\000\040\000H\000M\000M}{section.1.6}% 36
\BOOKMARK [1][-]{section.1.7}{\376\377\000S\000o\000l\000u\000c\000i\000\363\000n\000\040\000d\000e\000\040\000P\000r\000o\000b\000l\000e\000m\000a\000s}{chapter.1}% 37
\BOOKMARK [2][-]{subsection.1.7.1}{\376\377\000E\000l\000\040\000s\000e\000r\000v\000i\000d\000o\000r\000\040\000n\000o\000\040\000i\000n\000i\000c\000i\000a}{section.1.7}% 38
\BOOKMARK [2][-]{subsection.1.7.2}{\376\377\000E\000r\000r\000o\000r\000e\000s\000\040\000a\000l\000\040\000c\000a\000r\000g\000a\000r\000\040\000l\000a\000\040\000p\000\341\000g\000i\000n\000a}{section.1.7}% 39
\BOOKMARK [2][-]{subsection.1.7.3}{\376\377\000L\000o\000s\000\040\000c\000\341\000l\000c\000u\000l\000o\000s\000\040\000n\000o\000\040\000f\000u\000n\000c\000i\000o\000n\000a\000n}{section.1.7}% 40
\BOOKMARK [2][-]{subsection.1.7.4}{\376\377\000P\000r\000o\000b\000l\000e\000m\000a\000s\000\040\000d\000e\000\040\000v\000i\000s\000u\000a\000l\000i\000z\000a\000c\000i\000\363\000n}{section.1.7}% 41
\BOOKMARK [0][-]{chapter.2}{\376\377\000E\000x\000p\000l\000i\000c\000a\000c\000i\000\363\000n\000\040\000d\000e\000\040\000l\000o\000s\000\040\000A\000l\000g\000o\000r\000i\000t\000m\000o\000s}{}% 42
\BOOKMARK [1][-]{section.2.1}{\376\377\000F\000u\000n\000d\000a\000m\000e\000n\000t\000o\000s\000\040\000T\000e\000\363\000r\000i\000c\000o\000s}{chapter.2}% 43
\BOOKMARK [2][-]{subsection.2.1.1}{\376\377\000P\000r\000o\000b\000a\000b\000i\000l\000i\000d\000a\000d\000\040\000C\000o\000n\000d\000i\000c\000i\000o\000n\000a\000l}{section.2.1}% 44
\BOOKMARK [2][-]{subsection.2.1.2}{\376\377\000T\000e\000o\000r\000e\000m\000a\000\040\000d\000e\000\040\000B\000a\000y\000e\000s}{section.2.1}% 45
\BOOKMARK [1][-]{section.2.2}{\376\377\000R\000e\000d\000e\000s\000\040\000B\000a\000y\000e\000s\000i\000a\000n\000a\000s}{chapter.2}% 46
\BOOKMARK [2][-]{subsection.2.2.1}{\376\377\000D\000e\000f\000i\000n\000i\000c\000i\000\363\000n\000\040\000F\000o\000r\000m\000a\000l}{section.2.2}% 47
\BOOKMARK [2][-]{subsection.2.2.2}{\376\377\000P\000r\000o\000p\000i\000e\000d\000a\000d\000\040\000d\000e\000\040\000F\000a\000c\000t\000o\000r\000i\000z\000a\000c\000i\000\363\000n}{section.2.2}% 48
\BOOKMARK [2][-]{subsection.2.2.3}{\376\377\000A\000l\000g\000o\000r\000i\000t\000m\000o\000\040\000d\000e\000\040\000E\000n\000u\000m\000e\000r\000a\000c\000i\000\363\000n}{section.2.2}% 49
\BOOKMARK [3][-]{section*.12}{\376\377\000O\000b\000j\000e\000t\000i\000v\000o}{subsection.2.2.3}% 50
\BOOKMARK [3][-]{section*.12}{\376\377\000F\000\363\000r\000m\000u\000l\000a}{subsection.2.2.3}% 51
\BOOKMARK [3][-]{equation.2.4}{\376\377\000A\000l\000g\000o\000r\000i\000t\000m\000o}{subsection.2.2.3}% 52
\BOOKMARK [3][-]{lstnumber.2.1.15}{\376\377\000C\000o\000m\000p\000l\000e\000j\000i\000d\000a\000d}{subsection.2.2.3}% 53
\BOOKMARK [2][-]{subsection.2.2.4}{\376\377\000E\000l\000i\000m\000i\000n\000a\000c\000i\000\363\000n\000\040\000d\000e\000\040\000V\000a\000r\000i\000a\000b\000l\000e\000s}{section.2.2}% 54
\BOOKMARK [3][-]{section*.13}{\376\377\000I\000d\000e\000a\000\040\000P\000r\000i\000n\000c\000i\000p\000a\000l}{subsection.2.2.4}% 55
\BOOKMARK [3][-]{section*.13}{\376\377\000P\000r\000o\000c\000e\000s\000o}{subsection.2.2.4}% 56
\BOOKMARK [3][-]{Item.42}{\376\377\000E\000j\000e\000m\000p\000l\000o}{subsection.2.2.4}% 57
\BOOKMARK [3][-]{equation.2.5}{\376\377\000C\000o\000m\000p\000l\000e\000j\000i\000d\000a\000d}{subsection.2.2.4}% 58
\BOOKMARK [1][-]{section.2.3}{\376\377\000C\000a\000d\000e\000n\000a\000s\000\040\000d\000e\000\040\000M\000a\000r\000k\000o\000v}{chapter.2}% 59
\BOOKMARK [2][-]{subsection.2.3.1}{\376\377\000D\000e\000f\000i\000n\000i\000c\000i\000\363\000n}{section.2.3}% 60
\BOOKMARK [2][-]{subsection.2.3.2}{\376\377\000M\000a\000t\000r\000i\000z\000\040\000d\000e\000\040\000T\000r\000a\000n\000s\000i\000c\000i\000\363\000n}{section.2.3}% 61
\BOOKMARK [2][-]{subsection.2.3.3}{\376\377\000D\000i\000s\000t\000r\000i\000b\000u\000c\000i\000\363\000n\000\040\000E\000s\000t\000a\000c\000i\000o\000n\000a\000r\000i\000a}{section.2.3}% 62
\BOOKMARK [3][-]{equation.2.8}{\376\377\000C\000\341\000l\000c\000u\000l\000o\000\040\000I\000t\000e\000r\000a\000t\000i\000v\000o\000\040\000\050\000P\000o\000w\000e\000r\000\040\000M\000e\000t\000h\000o\000d\000\051}{subsection.2.3.3}% 63
\BOOKMARK [3][-]{lstnumber.2.2.15}{\376\377\000M\000\351\000t\000o\000d\000o\000\040\000A\000l\000g\000e\000b\000r\000a\000i\000c\000o\000\040\000\050\000E\000i\000g\000e\000n\000v\000e\000c\000t\000o\000r\000\051}{subsection.2.3.3}% 64
\BOOKMARK [1][-]{section.2.4}{\376\377\000M\000o\000d\000e\000l\000o\000s\000\040\000O\000c\000u\000l\000t\000o\000s\000\040\000d\000e\000\040\000M\000a\000r\000k\000o\000v}{chapter.2}% 65
\BOOKMARK [2][-]{subsection.2.4.1}{\376\377\000C\000o\000m\000p\000o\000n\000e\000n\000t\000e\000s\000\040\000d\000e\000l\000\040\000M\000o\000d\000e\000l\000o}{section.2.4}% 66
\BOOKMARK [2][-]{subsection.2.4.2}{\376\377\000T\000r\000e\000s\000\040\000P\000r\000o\000b\000l\000e\000m\000a\000s\000\040\000F\000u\000n\000d\000a\000m\000e\000n\000t\000a\000l\000e\000s}{section.2.4}% 67
\BOOKMARK [2][-]{subsection.2.4.3}{\376\377\000A\000l\000g\000o\000r\000i\000t\000m\000o\000\040\000F\000o\000r\000w\000a\000r\000d}{section.2.4}% 68
\BOOKMARK [3][-]{section*.14}{\376\377\000V\000a\000r\000i\000a\000b\000l\000e\000\040\000F\000o\000r\000w\000a\000r\000d}{subsection.2.4.3}% 69
\BOOKMARK [3][-]{equation.2.10}{\376\377\000R\000e\000c\000u\000r\000s\000i\000\363\000n}{subsection.2.4.3}% 70
\BOOKMARK [3][-]{equation.2.13}{\376\377\000C\000o\000m\000p\000l\000e\000j\000i\000d\000a\000d}{subsection.2.4.3}% 71
\BOOKMARK [2][-]{subsection.2.4.4}{\376\377\000A\000l\000g\000o\000r\000i\000t\000m\000o\000\040\000V\000i\000t\000e\000r\000b\000i}{section.2.4}% 72
\BOOKMARK [3][-]{section*.15}{\376\377\000V\000a\000r\000i\000a\000b\000l\000e\000\040\000D\000e\000l\000t\000a}{subsection.2.4.4}% 73
\BOOKMARK [3][-]{equation.2.14}{\376\377\000R\000e\000c\000u\000r\000s\000i\000\363\000n}{subsection.2.4.4}% 74
\BOOKMARK [3][-]{equation.2.18}{\376\377\000C\000o\000m\000p\000l\000e\000j\000i\000d\000a\000d}{subsection.2.4.4}% 75
\BOOKMARK [2][-]{subsection.2.4.5}{\376\377\000A\000l\000g\000o\000r\000i\000t\000m\000o\000\040\000F\000o\000r\000w\000a\000r\000d\000-\000B\000a\000c\000k\000w\000a\000r\000d}{section.2.4}% 76
\BOOKMARK [3][-]{section*.16}{\376\377\000V\000a\000r\000i\000a\000b\000l\000e\000\040\000B\000a\000c\000k\000w\000a\000r\000d}{subsection.2.4.5}% 77
\BOOKMARK [3][-]{equation.2.19}{\376\377\000R\000e\000c\000u\000r\000s\000i\000\363\000n\000\040\000B\000a\000c\000k\000w\000a\000r\000d}{subsection.2.4.5}% 78
\BOOKMARK [3][-]{equation.2.21}{\376\377\000P\000r\000o\000b\000a\000b\000i\000l\000i\000d\000a\000d\000\040\000S\000u\000a\000v\000i\000z\000a\000d\000a\000\040\000\050\000S\000m\000o\000o\000t\000h\000i\000n\000g\000\051}{subsection.2.4.5}% 79
\BOOKMARK [0][-]{chapter.3}{\376\377\000D\000e\000c\000i\000s\000i\000o\000n\000e\000s\000\040\000d\000e\000\040\000D\000i\000s\000e\000\361\000o}{}% 80
\BOOKMARK [1][-]{section.3.1}{\376\377\000A\000r\000q\000u\000i\000t\000e\000c\000t\000u\000r\000a\000\040\000d\000e\000l\000\040\000S\000i\000s\000t\000e\000m\000a}{chapter.3}% 81
\BOOKMARK [2][-]{subsection.3.1.1}{\376\377\000P\000a\000t\000r\000\363\000n\000\040\000M\000V\000C\000\040\000S\000i\000m\000p\000l\000i\000f\000i\000c\000a\000d\000o}{section.3.1}% 82
\BOOKMARK [2][-]{subsection.3.1.2}{\376\377\000B\000e\000n\000e\000f\000i\000c\000i\000o\000s\000\040\000d\000e\000\040\000e\000s\000t\000a\000\040\000A\000r\000q\000u\000i\000t\000e\000c\000t\000u\000r\000a}{section.3.1}% 83
\BOOKMARK [1][-]{section.3.2}{\376\377\000T\000e\000c\000n\000o\000l\000o\000g\000\355\000a\000s\000\040\000S\000e\000l\000e\000c\000c\000i\000o\000n\000a\000d\000a\000s}{chapter.3}% 84
\BOOKMARK [2][-]{subsection.3.2.1}{\376\377\000B\000a\000c\000k\000e\000n\000d\000:\000\040\000P\000H\000P\000\040\000P\000u\000r\000o}{section.3.2}% 85
\BOOKMARK [3][-]{section*.18}{\376\377\000J\000u\000s\000t\000i\000f\000i\000c\000a\000c\000i\000\363\000n}{subsection.3.2.1}% 86
\BOOKMARK [3][-]{section*.18}{\376\377\000A\000l\000t\000e\000r\000n\000a\000t\000i\000v\000a\000s\000\040\000C\000o\000n\000s\000i\000d\000e\000r\000a\000d\000a\000s\000\040\000y\000\040\000D\000e\000s\000c\000a\000r\000t\000a\000d\000a\000s}{subsection.3.2.1}% 87
\BOOKMARK [2][-]{subsection.3.2.2}{\376\377\000F\000r\000o\000n\000t\000e\000n\000d\000:\000\040\000H\000T\000M\000L\0005\000\040\000+\000\040\000C\000S\000S\0003\000\040\000+\000\040\000J\000a\000v\000a\000S\000c\000r\000i\000p\000t\000\040\000V\000a\000n\000i\000l\000l\000a}{section.3.2}% 88
\BOOKMARK [3][-]{section*.20}{\376\377\000C\000a\000r\000a\000c\000t\000e\000r\000\355\000s\000t\000i\000c\000a\000s}{subsection.3.2.2}% 89
\BOOKMARK [1][-]{section.3.3}{\376\377\000R\000e\000p\000r\000e\000s\000e\000n\000t\000a\000c\000i\000\363\000n\000\040\000d\000e\000\040\000D\000a\000t\000o\000s}{chapter.3}% 90
\BOOKMARK [2][-]{subsection.3.3.1}{\376\377\000R\000e\000d\000e\000s\000\040\000B\000a\000y\000e\000s\000i\000a\000n\000a\000s}{section.3.3}% 91
\BOOKMARK [3][-]{section*.21}{\376\377\000C\000l\000a\000s\000e\000\040\000N\000o\000d\000o}{subsection.3.3.1}% 92
\BOOKMARK [3][-]{lstnumber.3.1.24}{\376\377\000F\000o\000r\000m\000a\000t\000o\000\040\000J\000S\000O\000N\000\040\000d\000e\000\040\000E\000j\000e\000m\000p\000l\000o}{subsection.3.3.1}% 93
\BOOKMARK [2][-]{subsection.3.3.2}{\376\377\000C\000a\000d\000e\000n\000a\000s\000\040\000d\000e\000\040\000M\000a\000r\000k\000o\000v}{section.3.3}% 94
\BOOKMARK [2][-]{subsection.3.3.3}{\376\377\000H\000M\000M}{section.3.3}% 95
\BOOKMARK [1][-]{section.3.4}{\376\377\000M\000a\000n\000e\000j\000o\000\040\000d\000e\000\040\000P\000r\000e\000c\000i\000s\000i\000\363\000n\000\040\000N\000u\000m\000\351\000r\000i\000c\000a}{chapter.3}% 96
\BOOKMARK [2][-]{subsection.3.4.1}{\376\377\000P\000r\000o\000b\000l\000e\000m\000a\000:\000\040\000U\000n\000d\000e\000r\000f\000l\000o\000w}{section.3.4}% 97
\BOOKMARK [2][-]{subsection.3.4.2}{\376\377\000S\000o\000l\000u\000c\000i\000\363\000n\000:\000\040\000A\000r\000i\000t\000m\000\351\000t\000i\000c\000a\000\040\000L\000o\000g\000a\000r\000\355\000t\000m\000i\000c\000a}{section.3.4}% 98
\BOOKMARK [1][-]{section.3.5}{\376\377\000O\000p\000t\000i\000m\000i\000z\000a\000c\000i\000o\000n\000e\000s}{chapter.3}% 99
\BOOKMARK [2][-]{subsection.3.5.1}{\376\377\000M\000e\000m\000o\000i\000z\000a\000c\000i\000\363\000n\000\040\000\050\000C\000a\000c\000h\000e\000\040\000d\000e\000\040\000R\000e\000s\000u\000l\000t\000a\000d\000o\000s\000\051}{section.3.5}% 100
\BOOKMARK [2][-]{subsection.3.5.2}{\376\377\000O\000r\000d\000e\000n\000\040\000d\000e\000\040\000E\000l\000i\000m\000i\000n\000a\000c\000i\000\363\000n\000\040\000H\000e\000u\000r\000\355\000s\000t\000i\000c\000o}{section.3.5}% 101
\BOOKMARK [1][-]{section.3.6}{\376\377\000V\000a\000l\000i\000d\000a\000c\000i\000\363\000n\000\040\000y\000\040\000S\000e\000g\000u\000r\000i\000d\000a\000d}{chapter.3}% 102
\BOOKMARK [2][-]{subsection.3.6.1}{\376\377\000V\000a\000l\000i\000d\000a\000c\000i\000\363\000n\000\040\000D\000u\000a\000l\000\040\000\050\000C\000l\000i\000e\000n\000t\000e\000-\000S\000e\000r\000v\000i\000d\000o\000r\000\051}{section.3.6}% 103
\BOOKMARK [2][-]{subsection.3.6.2}{\376\377\000M\000a\000n\000e\000j\000o\000\040\000d\000e\000\040\000E\000r\000r\000o\000r\000e\000s\000\040\000y\000\040\000E\000x\000c\000e\000p\000c\000i\000o\000n\000e\000s}{section.3.6}% 104
\BOOKMARK [0][-]{chapter.4}{\376\377\000E\000j\000e\000m\000p\000l\000o\000s\000\040\000d\000e\000\040\000U\000s\000o\000\040\000D\000e\000t\000a\000l\000l\000a\000d\000o\000s}{}% 105
\BOOKMARK [1][-]{section.4.1}{\376\377\000R\000e\000d\000\040\000A\000l\000a\000r\000m\000a\000-\000T\000e\000r\000r\000e\000m\000o\000t\000o\000-\000L\000a\000d\000r\000\363\000n}{chapter.4}% 106
\BOOKMARK [2][-]{subsection.4.1.1}{\376\377\000P\000l\000a\000n\000t\000e\000a\000m\000i\000e\000n\000t\000o\000\040\000d\000e\000l\000\040\000P\000r\000o\000b\000l\000e\000m\000a}{section.4.1}% 107
\BOOKMARK [2][-]{subsection.4.1.2}{\376\377\000P\000r\000o\000b\000a\000b\000i\000l\000i\000d\000a\000d\000e\000s\000\040\000A\000\040\000P\000r\000i\000o\000r\000i}{section.4.1}% 108
\BOOKMARK [2][-]{subsection.4.1.3}{\376\377\000C\000P\000T\000:\000\040\000P\000\050\000A\000l\000a\000r\000m\000a\000\040\000|\000\040\000T\000e\000r\000r\000e\000m\000o\000t\000o\000,\000\040\000L\000a\000d\000r\000\363\000n\000\051}{section.4.1}% 109
\BOOKMARK [2][-]{subsection.4.1.4}{\376\377\000C\000P\000T\000:\000\040\000P\000\050\000J\000u\000a\000n\000|\000A\000l\000a\000r\000m\000a\000\051\000,\000\040\000P\000\050\000M\000a\000r\000\355\000a\000|\000A\000l\000a\000r\000m\000a\000\051}{section.4.1}% 110
\BOOKMARK [2][-]{subsection.4.1.5}{\376\377\000C\000o\000n\000s\000u\000l\000t\000a\000\040\0001\000:\000\040\000P\000\050\000L\000a\000d\000r\000\363\000n\000\040\000|\000\040\000J\000u\000a\000n\000=\000t\000r\000u\000e\000\051}{section.4.1}% 111
\BOOKMARK [3][-]{section*.25}{\376\377\000P\000l\000a\000n\000t\000e\000a\000m\000i\000e\000n\000t\000o}{subsection.4.1.5}% 112
\BOOKMARK [3][-]{section*.25}{\376\377\000C\000\341\000l\000c\000u\000l\000o\000\040\000c\000o\000n\000\040\000E\000n\000u\000m\000e\000r\000a\000c\000i\000\363\000n}{subsection.4.1.5}% 113
\BOOKMARK [3][-]{equation.4.1}{\376\377\000R\000e\000s\000u\000l\000t\000a\000d\000o}{subsection.4.1.5}% 114
\BOOKMARK [2][-]{subsection.4.1.6}{\376\377\000C\000o\000n\000s\000u\000l\000t\000a\000\040\0002\000:\000\040\000P\000\050\000L\000a\000d\000r\000\363\000n\000\040\000|\000\040\000J\000u\000a\000n\000=\000t\000r\000u\000e\000,\000\040\000M\000a\000r\000\355\000a\000=\000t\000r\000u\000e\000\051}{section.4.1}% 115
\BOOKMARK [3][-]{section*.26}{\376\377\000P\000l\000a\000n\000t\000e\000a\000m\000i\000e\000n\000t\000o}{subsection.4.1.6}% 116
\BOOKMARK [3][-]{section*.26}{\376\377\000R\000e\000s\000u\000l\000t\000a\000d\000o}{subsection.4.1.6}% 117
\BOOKMARK [2][-]{subsection.4.1.7}{\376\377\000C\000\363\000d\000i\000g\000o\000\040\000P\000H\000P\000\040\000C\000o\000m\000p\000l\000e\000t\000o}{section.4.1}% 118
\BOOKMARK [1][-]{section.4.2}{\376\377\000C\000a\000d\000e\000n\000a\000\040\000d\000e\000\040\000M\000a\000r\000k\000o\000v\000:\000\040\000P\000r\000e\000d\000i\000c\000c\000i\000\363\000n\000\040\000C\000l\000i\000m\000\341\000t\000i\000c\000a}{chapter.4}% 119
\BOOKMARK [2][-]{subsection.4.2.1}{\376\377\000D\000e\000f\000i\000n\000i\000c\000i\000\363\000n\000\040\000d\000e\000l\000\040\000M\000o\000d\000e\000l\000o}{section.4.2}% 120
\BOOKMARK [2][-]{subsection.4.2.2}{\376\377\000M\000a\000t\000r\000i\000z\000\040\000d\000e\000\040\000T\000r\000a\000n\000s\000i\000c\000i\000\363\000n}{section.4.2}% 121
\BOOKMARK [2][-]{subsection.4.2.3}{\376\377\000D\000i\000s\000t\000r\000i\000b\000u\000c\000i\000\363\000n\000\040\000E\000s\000t\000a\000c\000i\000o\000n\000a\000r\000i\000a}{section.4.2}% 122
\BOOKMARK [2][-]{subsection.4.2.4}{\376\377\000S\000i\000m\000u\000l\000a\000c\000i\000\363\000n\000\040\000d\000e\000\040\0001\0000\000\040\000D\000\355\000a\000s}{section.4.2}% 123
\BOOKMARK [2][-]{subsection.4.2.5}{\376\377\000C\000\363\000d\000i\000g\000o\000\040\000P\000H\000P}{section.4.2}% 124
\BOOKMARK [1][-]{section.4.3}{\376\377\000H\000M\000M\000:\000\040\000I\000n\000f\000e\000r\000e\000n\000c\000i\000a\000\040\000d\000e\000\040\000E\000s\000t\000a\000d\000o\000s\000\040\000d\000e\000\040\000\301\000n\000i\000m\000o}{chapter.4}% 125
\BOOKMARK [2][-]{subsection.4.3.1}{\376\377\000D\000e\000s\000c\000r\000i\000p\000c\000i\000\363\000n\000\040\000d\000e\000l\000\040\000M\000o\000d\000e\000l\000o}{section.4.3}% 126
\BOOKMARK [2][-]{subsection.4.3.2}{\376\377\000C\000o\000m\000p\000o\000n\000e\000n\000t\000e\000s\000\040\000d\000e\000l\000\040\000M\000o\000d\000e\000l\000o}{section.4.3}% 127
\BOOKMARK [2][-]{subsection.4.3.3}{\376\377\000P\000a\000r\000\341\000m\000e\000t\000r\000o\000s}{section.4.3}% 128
\BOOKMARK [3][-]{section*.29}{\376\377\000P\000r\000o\000b\000a\000b\000i\000l\000i\000d\000a\000d\000e\000s\000\040\000I\000n\000i\000c\000i\000a\000l\000e\000s\000\040\000\050\000\051}{subsection.4.3.3}% 129
\BOOKMARK [3][-]{equation.4.3}{\376\377\000M\000a\000t\000r\000i\000z\000\040\000d\000e\000\040\000T\000r\000a\000n\000s\000i\000c\000i\000o\000n\000e\000s\000\040\000\050\000A\000\051}{subsection.4.3.3}% 130
\BOOKMARK [3][-]{table.caption.30}{\376\377\000M\000a\000t\000r\000i\000z\000\040\000d\000e\000\040\000E\000m\000i\000s\000i\000o\000n\000e\000s\000\040\000\050\000B\000\051}{subsection.4.3.3}% 131
\BOOKMARK [2][-]{subsection.4.3.4}{\376\377\000P\000r\000o\000b\000l\000e\000m\000a\000\040\0001\000:\000\040\000A\000l\000g\000o\000r\000i\000t\000m\000o\000\040\000F\000o\000r\000w\000a\000r\000d}{section.4.3}% 132
\BOOKMARK [3][-]{section*.32}{\376\377\000S\000e\000c\000u\000e\000n\000c\000i\000a\000\040\000O\000b\000s\000e\000r\000v\000a\000d\000a}{subsection.4.3.4}% 133
\BOOKMARK [3][-]{section*.32}{\376\377\000P\000r\000e\000g\000u\000n\000t\000a}{subsection.4.3.4}% 134
\BOOKMARK [3][-]{section*.32}{\376\377\000C\000\341\000l\000c\000u\000l\000o}{subsection.4.3.4}% 135
\BOOKMARK [2][-]{subsection.4.3.5}{\376\377\000P\000r\000o\000b\000l\000e\000m\000a\000\040\0002\000:\000\040\000A\000l\000g\000o\000r\000i\000t\000m\000o\000\040\000V\000i\000t\000e\000r\000b\000i}{section.4.3}% 136
\BOOKMARK [3][-]{section*.33}{\376\377\000P\000r\000e\000g\000u\000n\000t\000a}{subsection.4.3.5}% 137
\BOOKMARK [3][-]{section*.33}{\376\377\000R\000e\000s\000u\000l\000t\000a\000d\000o}{subsection.4.3.5}% 138
\BOOKMARK [2][-]{subsection.4.3.6}{\376\377\000C\000\363\000d\000i\000g\000o\000\040\000P\000H\000P\000\040\000C\000o\000m\000p\000l\000e\000t\000o}{section.4.3}% 139
\BOOKMARK [2][-]{subsection.4.3.7}{\376\377\000S\000a\000l\000i\000d\000a\000\040\000E\000s\000p\000e\000r\000a\000d\000a}{section.4.3}% 140
\BOOKMARK [0][-]{chapter.5}{\376\377\000C\000o\000n\000c\000l\000u\000s\000i\000o\000n\000e\000s\000\040\000y\000\040\000T\000r\000a\000b\000a\000j\000o\000\040\000F\000u\000t\000u\000r\000o}{}% 141
\BOOKMARK [1][-]{section.5.1}{\376\377\000L\000o\000g\000r\000o\000s\000\040\000A\000l\000c\000a\000n\000z\000a\000d\000o\000s}{chapter.5}% 142
\BOOKMARK [2][-]{subsection.5.1.1}{\376\377\000T\000\351\000c\000n\000i\000c\000o\000s}{section.5.1}% 143
\BOOKMARK [2][-]{subsection.5.1.2}{\376\377\000E\000d\000u\000c\000a\000t\000i\000v\000o\000s}{section.5.1}% 144
\BOOKMARK [1][-]{section.5.2}{\376\377\000A\000p\000r\000e\000n\000d\000i\000z\000a\000j\000e\000s\000\040\000C\000l\000a\000v\000e}{chapter.5}% 145
\BOOKMARK [2][-]{subsection.5.2.1}{\376\377\000T\000e\000\363\000r\000i\000c\000o\000s}{section.5.2}% 146
\BOOKMARK [2][-]{subsection.5.2.2}{\376\377\000P\000r\000\341\000c\000t\000i\000c\000o\000s}{section.5.2}% 147
\BOOKMARK [2][-]{subsection.5.2.3}{\376\377\000D\000e\000\040\000I\000n\000g\000e\000n\000i\000e\000r\000\355\000a}{section.5.2}% 148
\BOOKMARK [1][-]{section.5.3}{\376\377\000L\000i\000m\000i\000t\000a\000c\000i\000o\000n\000e\000s\000\040\000A\000c\000t\000u\000a\000l\000e\000s}{chapter.5}% 149
\BOOKMARK [2][-]{subsection.5.3.1}{\376\377\000T\000\351\000c\000n\000i\000c\000a\000s}{section.5.3}% 150
\BOOKMARK [2][-]{subsection.5.3.2}{\376\377\000D\000e\000\040\000U\000s\000a\000b\000i\000l\000i\000d\000a\000d}{section.5.3}% 151
\BOOKMARK [1][-]{section.5.4}{\376\377\000T\000r\000a\000b\000a\000j\000o\000\040\000F\000u\000t\000u\000r\000o}{chapter.5}% 152
\BOOKMARK [2][-]{subsection.5.4.1}{\376\377\000M\000e\000j\000o\000r\000a\000s\000\040\000I\000n\000m\000e\000d\000i\000a\000t\000a\000s\000\040\000\050\000C\000o\000r\000t\000o\000\040\000P\000l\000a\000z\000o\000\051}{section.5.4}% 153
\BOOKMARK [2][-]{subsection.5.4.2}{\376\377\000E\000x\000t\000e\000n\000s\000i\000o\000n\000e\000s\000\040\000A\000v\000a\000n\000z\000a\000d\000a\000s\000\040\000\050\000M\000e\000d\000i\000a\000n\000o\000\040\000P\000l\000a\000z\000o\000\051}{section.5.4}% 154
\BOOKMARK [2][-]{subsection.5.4.3}{\376\377\000I\000n\000v\000e\000s\000t\000i\000g\000a\000c\000i\000\363\000n\000\040\000\050\000L\000a\000r\000g\000o\000\040\000P\000l\000a\000z\000o\000\051}{section.5.4}% 155
\BOOKMARK [1][-]{section.5.5}{\376\377\000I\000m\000p\000a\000c\000t\000o\000\040\000y\000\040\000A\000p\000l\000i\000c\000a\000c\000i\000o\000n\000e\000s}{chapter.5}% 156
\BOOKMARK [2][-]{subsection.5.5.1}{\376\377\000E\000d\000u\000c\000a\000t\000i\000v\000o}{section.5.5}% 157
\BOOKMARK [2][-]{subsection.5.5.2}{\376\377\000I\000n\000v\000e\000s\000t\000i\000g\000a\000c\000i\000\363\000n}{section.5.5}% 158
\BOOKMARK [2][-]{subsection.5.5.3}{\376\377\000I\000n\000d\000u\000s\000t\000r\000i\000a\000l}{section.5.5}% 159
\BOOKMARK [1][-]{section.5.6}{\376\377\000R\000e\000f\000l\000e\000x\000i\000\363\000n\000\040\000F\000i\000n\000a\000l}{chapter.5}% 160
\BOOKMARK [0][-]{appendix.Alph1}{\376\377\000I\000n\000s\000t\000a\000l\000a\000c\000i\000\363\000n\000\040\000d\000e\000\040\000P\000H\000P\000\040\000p\000o\000r\000\040\000S\000i\000s\000t\000e\000m\000a\000\040\000O\000p\000e\000r\000a\000t\000i\000v\000o}{}% 161
\BOOKMARK [1][-]{section.Alph1.1}{\376\377\000W\000i\000n\000d\000o\000w\000s}{appendix.Alph1}% 162
\BOOKMARK [2][-]{subsection.Alph1.1.1}{\376\377\000D\000e\000s\000c\000a\000r\000g\000a\000\040\000e\000\040\000I\000n\000s\000t\000a\000l\000a\000c\000i\000\363\000n}{section.Alph1.1}% 163
\BOOKMARK [2][-]{subsection.Alph1.1.2}{\376\377\000C\000o\000n\000f\000i\000g\000u\000r\000a\000r\000\040\000P\000A\000T\000H}{section.Alph1.1}% 164
\BOOKMARK [2][-]{subsection.Alph1.1.3}{\376\377\000V\000e\000r\000i\000f\000i\000c\000a\000c\000i\000\363\000n}{section.Alph1.1}% 165
\BOOKMARK [2][-]{subsection.Alph1.1.4}{\376\377\000H\000a\000b\000i\000l\000i\000t\000a\000r\000\040\000E\000x\000t\000e\000n\000s\000i\000o\000n\000e\000s\000\040\000\050\000O\000p\000c\000i\000o\000n\000a\000l\000\051}{section.Alph1.1}% 166
\BOOKMARK [1][-]{section.Alph1.2}{\376\377\000L\000i\000n\000u\000x\000\040\000\050\000U\000b\000u\000n\000t\000u\000/\000D\000e\000b\000i\000a\000n\000\051}{appendix.Alph1}% 167
\BOOKMARK [2][-]{subsection.Alph1.2.1}{\376\377\000I\000n\000s\000t\000a\000l\000a\000c\000i\000\363\000n\000\040\000d\000e\000s\000d\000e\000\040\000R\000e\000p\000o\000s\000i\000t\000o\000r\000i\000o\000s}{section.Alph1.2}% 168
\BOOKMARK [2][-]{subsection.Alph1.2.2}{\376\377\000I\000n\000s\000t\000a\000l\000a\000c\000i\000\363\000n\000\040\000d\000e\000\040\000V\000e\000r\000s\000i\000\363\000n\000\040\000E\000s\000p\000e\000c\000\355\000f\000i\000c\000a}{section.Alph1.2}% 169
\BOOKMARK [1][-]{section.Alph1.3}{\376\377\000m\000a\000c\000O\000S}{appendix.Alph1}% 170
\BOOKMARK [2][-]{subsection.Alph1.3.1}{\376\377\000V\000e\000r\000i\000f\000i\000c\000a\000r\000\040\000P\000H\000P\000\040\000P\000r\000e\000i\000n\000s\000t\000a\000l\000a\000d\000o}{section.Alph1.3}% 171
\BOOKMARK [2][-]{subsection.Alph1.3.2}{\376\377\000I\000n\000s\000t\000a\000l\000a\000c\000i\000\363\000n\000\040\000c\000o\000n\000\040\000H\000o\000m\000e\000b\000r\000e\000w}{section.Alph1.3}% 172
\BOOKMARK [0][-]{appendix.Alph2}{\376\377\000G\000l\000o\000s\000a\000r\000i\000o\000\040\000d\000e\000\040\000T\000\351\000r\000m\000i\000n\000o\000s}{}% 173
\BOOKMARK [0][-]{appendix.Alph3}{\376\377\000R\000e\000f\000e\000r\000e\000n\000c\000i\000a\000s\000\040\000B\000i\000b\000l\000i\000o\000g\000r\000\341\000f\000i\000c\000a\000s}{}% 174
